Traceback (most recent call last):
  File "/Users/yusufdanisman/anaconda3/lib/python3.11/site-packages/jupyter_cache/executors/utils.py", line 58, in single_nb_execution
    executenb(
  File "/Users/yusufdanisman/anaconda3/lib/python3.11/site-packages/nbclient/client.py", line 1305, in execute
    return NotebookClient(nb=nb, resources=resources, km=km, **kwargs).execute()
           ^^^^^^^^^^^^^^^^^^^^^^^^^^^^^^^^^^^^^^^^^^^^^^^^^^^^^^^^^^^^^^^^^^^^^
  File "/Users/yusufdanisman/anaconda3/lib/python3.11/site-packages/jupyter_core/utils/__init__.py", line 173, in wrapped
    return loop.run_until_complete(inner)
           ^^^^^^^^^^^^^^^^^^^^^^^^^^^^^^
  File "/Users/yusufdanisman/anaconda3/lib/python3.11/asyncio/base_events.py", line 653, in run_until_complete
    return future.result()
           ^^^^^^^^^^^^^^^
  File "/Users/yusufdanisman/anaconda3/lib/python3.11/site-packages/nbclient/client.py", line 705, in async_execute
    await self.async_execute_cell(
  File "/Users/yusufdanisman/anaconda3/lib/python3.11/site-packages/nbclient/client.py", line 1058, in async_execute_cell
    await self._check_raise_for_error(cell, cell_index, exec_reply)
  File "/Users/yusufdanisman/anaconda3/lib/python3.11/site-packages/nbclient/client.py", line 914, in _check_raise_for_error
    raise CellExecutionError.from_cell_and_msg(cell, exec_reply_content)
nbclient.exceptions.CellExecutionError: An error occurred while executing the following cell:
------------------


2 == 3

2 == 2

2 == 2.0

2 == 4/2

2 != 3

4 != 4

2 < 5

3 < 5

2 is 5

2 is 2

2.0 is 2

2.0 == 2

'C' is 'K'

'C' is 'C'

3 is not 5

## if statement
- It is used to check a condition
- If the condition is True execute the block of codes under the if statement
- If the condition is False execute the  block of codes under the else statement
- else is optional

***
`if True:`  
 &emsp;&emsp; `BLOCK CODE`    &emsp;    It will execute the BLOCK CODE

`if False:`  
&emsp;&emsp; `BLOCK CODE`     &emsp;    It will NOT execute the BLOCK CODE
***
`if condition:`  
&emsp;&emsp; `BLOCK CODE-1`    &emsp;     It will execute the BLOCK CODE-1 if the condition is True.   
`else:`  
&emsp;&emsp; `BLOCK CODE-2`     &emsp;     It will execute the BLOCK CODE-2 if the condition is False
***
`if condition1:`  
&emsp;&emsp; `BLOCK CODE-1`    &emsp; It will execute the BLOCK CODE-1 if the condition1 is True  
`elif condition2:`  
&emsp;&emsp; `BLOCK CODE-2`     &emsp; It will execute the BLOCK CODE-2 if the condition1 is False and condition2 is True   
`else:`    
&emsp;&emsp; `BLOCK CODE-3`     &emsp; It will execute the BLOCK CODE-3 if the condition1 and condition 2 are False

------------------


[0;36m  Cell [0;32mIn[27], line 32[0;36m[0m
[0;31m    - It is used to check a condition[0m
[0m                 ^[0m
[0;31mSyntaxError[0m[0;31m:[0m invalid syntax


