Traceback (most recent call last):
  File "/Users/yusufdanisman/anaconda3/lib/python3.11/site-packages/jupyter_cache/executors/utils.py", line 58, in single_nb_execution
    executenb(
  File "/Users/yusufdanisman/anaconda3/lib/python3.11/site-packages/nbclient/client.py", line 1305, in execute
    return NotebookClient(nb=nb, resources=resources, km=km, **kwargs).execute()
           ^^^^^^^^^^^^^^^^^^^^^^^^^^^^^^^^^^^^^^^^^^^^^^^^^^^^^^^^^^^^^^^^^^^^^
  File "/Users/yusufdanisman/anaconda3/lib/python3.11/site-packages/jupyter_core/utils/__init__.py", line 173, in wrapped
    return loop.run_until_complete(inner)
           ^^^^^^^^^^^^^^^^^^^^^^^^^^^^^^
  File "/Users/yusufdanisman/anaconda3/lib/python3.11/asyncio/base_events.py", line 653, in run_until_complete
    return future.result()
           ^^^^^^^^^^^^^^^
  File "/Users/yusufdanisman/anaconda3/lib/python3.11/site-packages/nbclient/client.py", line 705, in async_execute
    await self.async_execute_cell(
  File "/Users/yusufdanisman/anaconda3/lib/python3.11/site-packages/nbclient/client.py", line 1058, in async_execute_cell
    await self._check_raise_for_error(cell, cell_index, exec_reply)
  File "/Users/yusufdanisman/anaconda3/lib/python3.11/site-packages/nbclient/client.py", line 914, in _check_raise_for_error
    raise CellExecutionError.from_cell_and_msg(cell, exec_reply_content)
nbclient.exceptions.CellExecutionError: An error occurred while executing the following cell:
------------------
risk_level = input('Please enter the risk type (Conservative/Moderate/Aggressive):')
investment_amount = float(input('Please enter the investment amount:'))

if risk_level.lower() == 'conservative':
    change = investment_amount*0.6*0.03 + investment_amount*0.3*0.02 - investment_amount*0.1*0.035
elif risk_level.lower() == 'moderate':
    change = investment_amount*0.3*0.03 + investment_amount*0.4*0.02 - investment_amount*0.3*0.035
else:
    change = investment_amount*0.1*0.03 + investment_amount*0.3*0.02 - investment_amount*0.6*0.035

print('Change:', change)
------------------


[0;31m---------------------------------------------------------------------------[0m
[0;31mStdinNotImplementedError[0m                  Traceback (most recent call last)
Cell [0;32mIn[1], line 1[0m
[0;32m----> 1[0m risk_level [38;5;241m=[39m [38;5;28minput[39m([38;5;124m'[39m[38;5;124mPlease enter the risk type (Conservative/Moderate/Aggressive):[39m[38;5;124m'[39m)
[1;32m      2[0m investment_amount [38;5;241m=[39m [38;5;28mfloat[39m([38;5;28minput[39m([38;5;124m'[39m[38;5;124mPlease enter the investment amount:[39m[38;5;124m'[39m))
[1;32m      4[0m [38;5;28;01mif[39;00m risk_level[38;5;241m.[39mlower() [38;5;241m==[39m [38;5;124m'[39m[38;5;124mconservative[39m[38;5;124m'[39m:

File [0;32m~/anaconda3/lib/python3.11/site-packages/ipykernel/kernelbase.py:1201[0m, in [0;36mKernel.raw_input[0;34m(self, prompt)[0m
[1;32m   1199[0m [38;5;28;01mif[39;00m [38;5;129;01mnot[39;00m [38;5;28mself[39m[38;5;241m.[39m_allow_stdin:
[1;32m   1200[0m     msg [38;5;241m=[39m [38;5;124m"[39m[38;5;124mraw_input was called, but this frontend does not support input requests.[39m[38;5;124m"[39m
[0;32m-> 1201[0m     [38;5;28;01mraise[39;00m StdinNotImplementedError(msg)
[1;32m   1202[0m [38;5;28;01mreturn[39;00m [38;5;28mself[39m[38;5;241m.[39m_input_request(
[1;32m   1203[0m     [38;5;28mstr[39m(prompt),
[1;32m   1204[0m     [38;5;28mself[39m[38;5;241m.[39m_parent_ident[[38;5;124m"[39m[38;5;124mshell[39m[38;5;124m"[39m],
[1;32m   1205[0m     [38;5;28mself[39m[38;5;241m.[39mget_parent([38;5;124m"[39m[38;5;124mshell[39m[38;5;124m"[39m),
[1;32m   1206[0m     password[38;5;241m=[39m[38;5;28;01mFalse[39;00m,
[1;32m   1207[0m )

[0;31mStdinNotImplementedError[0m: raw_input was called, but this frontend does not support input requests.

