Traceback (most recent call last):
  File "/Users/yusufdanisman/anaconda3/lib/python3.11/site-packages/jupyter_cache/executors/utils.py", line 58, in single_nb_execution
    executenb(
  File "/Users/yusufdanisman/anaconda3/lib/python3.11/site-packages/nbclient/client.py", line 1305, in execute
    return NotebookClient(nb=nb, resources=resources, km=km, **kwargs).execute()
           ^^^^^^^^^^^^^^^^^^^^^^^^^^^^^^^^^^^^^^^^^^^^^^^^^^^^^^^^^^^^^^^^^^^^^
  File "/Users/yusufdanisman/anaconda3/lib/python3.11/site-packages/jupyter_core/utils/__init__.py", line 173, in wrapped
    return loop.run_until_complete(inner)
           ^^^^^^^^^^^^^^^^^^^^^^^^^^^^^^
  File "/Users/yusufdanisman/anaconda3/lib/python3.11/asyncio/base_events.py", line 654, in run_until_complete
    return future.result()
           ^^^^^^^^^^^^^^^
  File "/Users/yusufdanisman/anaconda3/lib/python3.11/site-packages/nbclient/client.py", line 705, in async_execute
    await self.async_execute_cell(
  File "/Users/yusufdanisman/anaconda3/lib/python3.11/site-packages/nbclient/client.py", line 1058, in async_execute_cell
    await self._check_raise_for_error(cell, cell_index, exec_reply)
  File "/Users/yusufdanisman/anaconda3/lib/python3.11/site-packages/nbclient/client.py", line 914, in _check_raise_for_error
    raise CellExecutionError.from_cell_and_msg(cell, exec_reply_content)
nbclient.exceptions.CellExecutionError: An error occurred while executing the following cell:
------------------
import numpy as np
import matplotlib.pyplot as plt
from matplotlib import animation

fig, ax = plt.subplots()

x = np.arange(0, 2*np.pi, 0.01)  
line, = ax.plot(x, np.sin(x))

def animate(i):
 line.set_ydata(np.sin(x + i/10.0))  # Update the data
 return line,

ani = animation.FuncAnimation(fig, animate, frames=60, interval=20, blit=True)

plt.close()
HTML(ani.to_html5_video() )
------------------


[0;31m---------------------------------------------------------------------------[0m
[0;31mNameError[0m                                 Traceback (most recent call last)
Cell [0;32mIn[2], line 17[0m
[1;32m     14[0m ani [38;5;241m=[39m animation[38;5;241m.[39mFuncAnimation(fig, animate, frames[38;5;241m=[39m[38;5;241m60[39m, interval[38;5;241m=[39m[38;5;241m20[39m, blit[38;5;241m=[39m[38;5;28;01mTrue[39;00m)
[1;32m     16[0m plt[38;5;241m.[39mclose()
[0;32m---> 17[0m HTML(ani[38;5;241m.[39mto_html5_video() )

[0;31mNameError[0m: name 'HTML' is not defined

