Traceback (most recent call last):
  File "/Users/yusufdanisman/anaconda3/lib/python3.11/site-packages/jupyter_cache/executors/utils.py", line 58, in single_nb_execution
    executenb(
  File "/Users/yusufdanisman/anaconda3/lib/python3.11/site-packages/nbclient/client.py", line 1305, in execute
    return NotebookClient(nb=nb, resources=resources, km=km, **kwargs).execute()
           ^^^^^^^^^^^^^^^^^^^^^^^^^^^^^^^^^^^^^^^^^^^^^^^^^^^^^^^^^^^^^^^^^^^^^
  File "/Users/yusufdanisman/anaconda3/lib/python3.11/site-packages/jupyter_core/utils/__init__.py", line 173, in wrapped
    return loop.run_until_complete(inner)
           ^^^^^^^^^^^^^^^^^^^^^^^^^^^^^^
  File "/Users/yusufdanisman/anaconda3/lib/python3.11/asyncio/base_events.py", line 654, in run_until_complete
    return future.result()
           ^^^^^^^^^^^^^^^
  File "/Users/yusufdanisman/anaconda3/lib/python3.11/site-packages/nbclient/client.py", line 705, in async_execute
    await self.async_execute_cell(
  File "/Users/yusufdanisman/anaconda3/lib/python3.11/site-packages/nbclient/client.py", line 1058, in async_execute_cell
    await self._check_raise_for_error(cell, cell_index, exec_reply)
  File "/Users/yusufdanisman/anaconda3/lib/python3.11/site-packages/nbclient/client.py", line 914, in _check_raise_for_error
    raise CellExecutionError.from_cell_and_msg(cell, exec_reply_content)
nbclient.exceptions.CellExecutionError: An error occurred while executing the following cell:
------------------
available = list(range(1,10))
current  =  list(range(1,10))

import random
import time
game(current)
plt.show()
print('Welcome to Tic-Tac-Toe Game!!!!\nGood Luck!')
time.sleep(2)

while len(available)>2:
    user = int(input('Choose a number: '))
    if user in available:
        available.remove(user)
        current[user-1] = 'X'
        game(current)
        plt.show()
        if end_game(current)[0]:
            print('Game is over! Winner is X')
            break
        clear_output(wait = True)
        time.sleep(2)

            
        computer = random.choice(available)
        print(f'Computer choice: {computer}')
        available.remove(computer)
        current[computer-1] = 'O'
        game(current)
        plt.show()
        clear_output(wait = True)           
        time.sleep(2)

        if end_game(current)[0]:
            print('Game is over! Winner is O')
            break
    else:
        print('Choose an available number!')


clear_output(wait = True)
game(current) 
plt.plot(end_game(current)[1][0], end_game(current)[1][1],  alpha=0.3, linewidth=80, color='orange');
plt.show()
        
if not end_game(current):
    current[available[0]-1] = 'X'
    game(current)
    plt.show();
------------------

----- stdout -----
Welcome to Tic-Tac-Toe Game!!!!
Good Luck!
------------------

[0;31m---------------------------------------------------------------------------[0m
[0;31mStdinNotImplementedError[0m                  Traceback (most recent call last)
Cell [0;32mIn[16], line 12[0m
[1;32m      9[0m time[38;5;241m.[39msleep([38;5;241m2[39m)
[1;32m     11[0m [38;5;28;01mwhile[39;00m [38;5;28mlen[39m(available)[38;5;241m>[39m[38;5;241m2[39m:
[0;32m---> 12[0m     user [38;5;241m=[39m [38;5;28mint[39m([38;5;28minput[39m([38;5;124m'[39m[38;5;124mChoose a number: [39m[38;5;124m'[39m))
[1;32m     13[0m     [38;5;28;01mif[39;00m user [38;5;129;01min[39;00m available:
[1;32m     14[0m         available[38;5;241m.[39mremove(user)

File [0;32m~/anaconda3/lib/python3.11/site-packages/ipykernel/kernelbase.py:1201[0m, in [0;36mKernel.raw_input[0;34m(self, prompt)[0m
[1;32m   1199[0m [38;5;28;01mif[39;00m [38;5;129;01mnot[39;00m [38;5;28mself[39m[38;5;241m.[39m_allow_stdin:
[1;32m   1200[0m     msg [38;5;241m=[39m [38;5;124m"[39m[38;5;124mraw_input was called, but this frontend does not support input requests.[39m[38;5;124m"[39m
[0;32m-> 1201[0m     [38;5;28;01mraise[39;00m StdinNotImplementedError(msg)
[1;32m   1202[0m [38;5;28;01mreturn[39;00m [38;5;28mself[39m[38;5;241m.[39m_input_request(
[1;32m   1203[0m     [38;5;28mstr[39m(prompt),
[1;32m   1204[0m     [38;5;28mself[39m[38;5;241m.[39m_parent_ident[[38;5;124m"[39m[38;5;124mshell[39m[38;5;124m"[39m],
[1;32m   1205[0m     [38;5;28mself[39m[38;5;241m.[39mget_parent([38;5;124m"[39m[38;5;124mshell[39m[38;5;124m"[39m),
[1;32m   1206[0m     password[38;5;241m=[39m[38;5;28;01mFalse[39;00m,
[1;32m   1207[0m )

[0;31mStdinNotImplementedError[0m: raw_input was called, but this frontend does not support input requests.

